<?xml version="1.0" encoding="UTF-8"?>
<!-- Generated by org.testng.reporters.JUnitXMLReporter -->
<testsuite ignored="0" hostname="Ved" failures="0" tests="3" name="ChromeTest" time="162.295" errors="0" timestamp="2025-01-26T22:28:37 IST">
  <testcase classname="com.AmazonTestCases.LaptopPageTestCases" name="verifyUrl" time="7.03"/>
  <testcase classname="com.AmazonTestCases.LaptopPageTestCases" name="verifyTitle" time="0.013"/>
  <testcase classname="com.AmazonTestCases.LaptopPageTestCases" name="validateElectronics" time="109.958"/>
</testsuite> <!-- ChromeTest -->
