<?xml version="1.0" encoding="UTF-8"?>
<testng-results ignored="0" total="9" passed="9" failed="0" skipped="0">
  <reporter-output>
  </reporter-output>
  <suite started-at="2025-01-26T22:25:55 IST" name="Suite" finished-at="2025-01-26T22:33:07 IST" duration-ms="432076">
    <groups>
    </groups>
    <test started-at="2025-01-26T22:25:55 IST" name="ChromeTest" finished-at="2025-01-26T22:28:37 IST" duration-ms="162295">
      <class name="com.AmazonTestCases.LaptopPageTestCases">
        <test-method is-config="true" signature="openApplication(java.lang.String)[pri:0, instance:com.AmazonTestCases.LaptopPageTestCases@e4487af]" started-at="2025-01-26T22:25:55 IST" name="openApplication" finished-at="2025-01-26T22:26:14 IST" duration-ms="19173" status="PASS">
          <params>
            <param index="0">
              <value>
                <![CDATA[Chrome]]>
              </value>
            </param>
          </params>
          <reporter-output>
          </reporter-output>
        </test-method> <!-- openApplication -->
        <test-method is-config="true" signature="pageSetUp()[pri:0, instance:com.AmazonTestCases.LaptopPageTestCases@e4487af]" started-at="2025-01-26T22:26:14 IST" name="pageSetUp" finished-at="2025-01-26T22:26:40 IST" duration-ms="26099" status="PASS">
          <reporter-output>
          </reporter-output>
        </test-method> <!-- pageSetUp -->
        <test-method signature="verifyUrl()[pri:1, instance:com.AmazonTestCases.LaptopPageTestCases@e4487af]" started-at="2025-01-26T22:26:40 IST" name="verifyUrl" finished-at="2025-01-26T22:26:48 IST" duration-ms="7030" status="PASS">
          <reporter-output>
          </reporter-output>
        </test-method> <!-- verifyUrl -->
        <test-method signature="verifyTitle()[pri:2, instance:com.AmazonTestCases.LaptopPageTestCases@e4487af]" started-at="2025-01-26T22:26:48 IST" name="verifyTitle" finished-at="2025-01-26T22:26:48 IST" duration-ms="13" status="PASS">
          <reporter-output>
          </reporter-output>
        </test-method> <!-- verifyTitle -->
        <test-method signature="validateElectronics()[pri:3, instance:com.AmazonTestCases.LaptopPageTestCases@e4487af]" started-at="2025-01-26T22:26:48 IST" name="validateElectronics" finished-at="2025-01-26T22:28:37 IST" duration-ms="109958" status="PASS">
          <reporter-output>
          </reporter-output>
        </test-method> <!-- validateElectronics -->
      </class> <!-- com.AmazonTestCases.LaptopPageTestCases -->
    </test> <!-- ChromeTest -->
    <test started-at="2025-01-26T22:28:37 IST" name="FirefoxTest" finished-at="2025-01-26T22:31:18 IST" duration-ms="160600">
      <class name="com.AmazonTestCases.LaptopPageTestCases">
        <test-method is-config="true" signature="openApplication(java.lang.String)[pri:0, instance:com.AmazonTestCases.LaptopPageTestCases@fd07cbb]" started-at="2025-01-26T22:28:37 IST" name="openApplication" finished-at="2025-01-26T22:28:56 IST" duration-ms="18220" status="PASS">
          <params>
            <param index="0">
              <value>
                <![CDATA[Firefox]]>
              </value>
            </param>
          </params>
          <reporter-output>
          </reporter-output>
        </test-method> <!-- openApplication -->
        <test-method is-config="true" signature="pageSetUp()[pri:0, instance:com.AmazonTestCases.LaptopPageTestCases@fd07cbb]" started-at="2025-01-26T22:28:56 IST" name="pageSetUp" finished-at="2025-01-26T22:29:03 IST" duration-ms="7184" status="PASS">
          <reporter-output>
          </reporter-output>
        </test-method> <!-- pageSetUp -->
        <test-method signature="verifyUrl()[pri:1, instance:com.AmazonTestCases.LaptopPageTestCases@fd07cbb]" started-at="2025-01-26T22:29:03 IST" name="verifyUrl" finished-at="2025-01-26T22:29:10 IST" duration-ms="7019" status="PASS">
          <reporter-output>
          </reporter-output>
        </test-method> <!-- verifyUrl -->
        <test-method signature="verifyTitle()[pri:2, instance:com.AmazonTestCases.LaptopPageTestCases@fd07cbb]" started-at="2025-01-26T22:29:10 IST" name="verifyTitle" finished-at="2025-01-26T22:29:10 IST" duration-ms="8" status="PASS">
          <reporter-output>
          </reporter-output>
        </test-method> <!-- verifyTitle -->
        <test-method signature="validateElectronics()[pri:3, instance:com.AmazonTestCases.LaptopPageTestCases@fd07cbb]" started-at="2025-01-26T22:29:10 IST" name="validateElectronics" finished-at="2025-01-26T22:31:18 IST" duration-ms="128166" status="PASS">
          <reporter-output>
          </reporter-output>
        </test-method> <!-- validateElectronics -->
      </class> <!-- com.AmazonTestCases.LaptopPageTestCases -->
    </test> <!-- FirefoxTest -->
    <test started-at="2025-01-26T22:31:18 IST" name="EdgeTest" finished-at="2025-01-26T22:33:07 IST" duration-ms="109164">
      <class name="com.AmazonTestCases.LaptopPageTestCases">
        <test-method is-config="true" signature="openApplication(java.lang.String)[pri:0, instance:com.AmazonTestCases.LaptopPageTestCases@484970b0]" started-at="2025-01-26T22:31:18 IST" name="openApplication" finished-at="2025-01-26T22:31:34 IST" duration-ms="15816" status="PASS">
          <params>
            <param index="0">
              <value>
                <![CDATA[Edge]]>
              </value>
            </param>
          </params>
          <reporter-output>
          </reporter-output>
        </test-method> <!-- openApplication -->
        <test-method is-config="true" signature="pageSetUp()[pri:0, instance:com.AmazonTestCases.LaptopPageTestCases@484970b0]" started-at="2025-01-26T22:31:34 IST" name="pageSetUp" finished-at="2025-01-26T22:31:45 IST" duration-ms="10825" status="PASS">
          <reporter-output>
          </reporter-output>
        </test-method> <!-- pageSetUp -->
        <test-method signature="verifyUrl()[pri:1, instance:com.AmazonTestCases.LaptopPageTestCases@484970b0]" started-at="2025-01-26T22:31:45 IST" name="verifyUrl" finished-at="2025-01-26T22:31:52 IST" duration-ms="7018" status="PASS">
          <reporter-output>
          </reporter-output>
        </test-method> <!-- verifyUrl -->
        <test-method signature="verifyTitle()[pri:2, instance:com.AmazonTestCases.LaptopPageTestCases@484970b0]" started-at="2025-01-26T22:31:52 IST" name="verifyTitle" finished-at="2025-01-26T22:31:52 IST" duration-ms="17" status="PASS">
          <reporter-output>
          </reporter-output>
        </test-method> <!-- verifyTitle -->
        <test-method signature="validateElectronics()[pri:3, instance:com.AmazonTestCases.LaptopPageTestCases@484970b0]" started-at="2025-01-26T22:31:52 IST" name="validateElectronics" finished-at="2025-01-26T22:33:07 IST" duration-ms="75483" status="PASS">
          <reporter-output>
          </reporter-output>
        </test-method> <!-- validateElectronics -->
      </class> <!-- com.AmazonTestCases.LaptopPageTestCases -->
    </test> <!-- EdgeTest -->
  </suite> <!-- Suite -->
</testng-results>
